1516658439456:help
1516658450530:login Kutay BEzci
1516658864770:login kutay asd
1516658915955:stackTrace
1516658922097:stacktrace
1516659208652:login kutay asd
1516659218277:stacktrace
1516659724389:login kutay asd
1516662585122:stacktrace
1516663157377:login asd asd
1516663173192:login kutay asd
1516663727424:login osman asd
1516663734642:login kutay asd
1516663751222:login kutay password
1516672407114:stacktrace
1516672522551:login kutay password
1516673179108:stackttrace
1516673186538:stacktrace
1516727137866:login kutay password
1516727327734:whoami
1516727338137:login kutay password
1516730376931:kimim
1516730382536:whoami
1516730422234:kimim
1516730428730:whoami
1516734018120:logout
1516734041686:login kutay password
1516734076276:logout
1516734084774:login kutay password
1516734089520:whoami
1516734107593:logout
1516734134484:whoami
